Wed Apr 20 13:59:58 Saved as file BACKUP1.MAX
Wed Apr 20 13:59:58 Saved as file U:\MES DOCUMENTS\ELECTRONIQUE\MINI PROJET 2015\DISTRIBUTEUR_EAU\NETLIST_ET_ROUTAGE\ROUTAGE REEL\DISTRIBUTEUR-13.MAX
Wed Apr 20 14:00:01 UserDiv from Layout.INI for AutoECO: 60
Wed Apr 20 14:00:01 Loaded file U:\MES DOCUMENTS\ELECTRONIQUE\MINI PROJET 2015\DISTRIBUTEUR_EAU\NETLIST_ET_ROUTAGE\ROUTAGE REEL\DISTRIBUTEUR-13.MAX
Wed Apr 20 14:00:02 Loaded file C:\ORCAD\ORCAD_10.5\TOOLS\LAYOUT\LIBRARY\BCON100T.LLB
Wed Apr 20 14:00:02 Loaded file C:\ORCAD\ORCAD_10.5\TOOLS\LAYOUT\LIBRARY\BCON156T.LLB
Wed Apr 20 14:00:02 Loaded file C:\ORCAD\ORCAD_10.5\TOOLS\LAYOUT\LIBRARY\BGA.LLB
Wed Apr 20 14:00:02 Loaded file C:\ORCAD\ORCAD_10.5\TOOLS\LAYOUT\LIBRARY\CLCC.LLB
Wed Apr 20 14:00:02 Loaded file C:\ORCAD\ORCAD_10.5\TOOLS\LAYOUT\LIBRARY\DCON050T.LLB
Wed Apr 20 14:00:02 Loaded file C:\ORCAD\ORCAD_10.5\TOOLS\LAYOUT\LIBRARY\DCON085T.LLB
Wed Apr 20 14:00:02 Loaded file C:\ORCAD\ORCAD_10.5\TOOLS\LAYOUT\LIBRARY\DIMM050F.LLB
Wed Apr 20 14:00:02 Loaded file C:\ORCAD\ORCAD_10.5\TOOLS\LAYOUT\LIBRARY\DIMM050T.LLB
Wed Apr 20 14:00:02 Loaded file C:\ORCAD\ORCAD_10.5\TOOLS\LAYOUT\LIBRARY\DIN.LLB
Wed Apr 20 14:00:02 Loaded file C:\ORCAD\ORCAD_10.5\TOOLS\LAYOUT\LIBRARY\DIP100B.LLB
Wed Apr 20 14:00:02 Loaded file C:\ORCAD\ORCAD_10.5\TOOLS\LAYOUT\LIBRARY\DIP100T.LLB
Wed Apr 20 14:00:02 Loaded file C:\ORCAD\ORCAD_10.5\TOOLS\LAYOUT\LIBRARY\DSUBT.LLB
Wed Apr 20 14:00:02 Loaded file C:\ORCAD\ORCAD_10.5\TOOLS\LAYOUT\LIBRARY\DSUBT_HD.LLB
Wed Apr 20 14:00:02 Loaded file C:\ORCAD\ORCAD_10.5\TOOLS\LAYOUT\LIBRARY\ECON100T.LLB
Wed Apr 20 14:00:02 Loaded file C:\ORCAD\ORCAD_10.5\TOOLS\LAYOUT\LIBRARY\EMPTY.LLB
Wed Apr 20 14:00:02 Loaded file C:\ORCAD\ORCAD_10.5\TOOLS\LAYOUT\LIBRARY\EX_GUI.LLB
Wed Apr 20 14:00:02 Loaded file C:\ORCAD\ORCAD_10.5\TOOLS\LAYOUT\LIBRARY\FBUS.LLB
Wed Apr 20 14:00:02 Loaded file C:\ORCAD\ORCAD_10.5\TOOLS\LAYOUT\LIBRARY\ISA.LLB
Wed Apr 20 14:00:02 Loaded file C:\ORCAD\ORCAD_10.5\TOOLS\LAYOUT\LIBRARY\JUMPER.LLB
Wed Apr 20 14:00:02 Loaded file C:\ORCAD\ORCAD_10.5\TOOLS\LAYOUT\LIBRARY\LAYOUT.LLB
Wed Apr 20 14:00:02 Loaded file C:\ORCAD\ORCAD_10.5\TOOLS\LAYOUT\LIBRARY\LCON100T.LLB
Wed Apr 20 14:00:02 Loaded file C:\ORCAD\ORCAD_10.5\TOOLS\LAYOUT\LIBRARY\METRIC.LLB
Wed Apr 20 14:00:02 Loaded file C:\ORCAD\ORCAD_10.5\TOOLS\LAYOUT\LIBRARY\PADSTACK.LLB
Wed Apr 20 14:00:02 Loaded file C:\ORCAD\ORCAD_10.5\TOOLS\LAYOUT\LIBRARY\PC104.LLB
Wed Apr 20 14:00:02 Loaded file C:\ORCAD\ORCAD_10.5\TOOLS\LAYOUT\LIBRARY\PCI.LLB
Wed Apr 20 14:00:02 Loaded file C:\ORCAD\ORCAD_10.5\TOOLS\LAYOUT\LIBRARY\PCON100T.LLB
Wed Apr 20 14:00:02 Loaded file C:\ORCAD\ORCAD_10.5\TOOLS\LAYOUT\LIBRARY\PCON156T.LLB
Wed Apr 20 14:00:02 Loaded file C:\ORCAD\ORCAD_10.5\TOOLS\LAYOUT\LIBRARY\PGA.LLB
Wed Apr 20 14:00:02 Loaded file C:\ORCAD\ORCAD_10.5\TOOLS\LAYOUT\LIBRARY\PLCC.LLB
Wed Apr 20 14:00:02 Loaded file C:\ORCAD\ORCAD_10.5\TOOLS\LAYOUT\LIBRARY\QUAD.LLB
Wed Apr 20 14:00:02 Loaded file C:\ORCAD\ORCAD_10.5\TOOLS\LAYOUT\LIBRARY\QUADB.LLB
Wed Apr 20 14:00:02 Loaded file C:\ORCAD\ORCAD_10.5\TOOLS\LAYOUT\LIBRARY\RELAY.LLB
Wed Apr 20 14:00:02 Loaded file C:\ORCAD\ORCAD_10.5\TOOLS\LAYOUT\LIBRARY\RF.LLB
Wed Apr 20 14:00:02 Loaded file C:\ORCAD\ORCAD_10.5\TOOLS\LAYOUT\LIBRARY\SBUS.LLB
Wed Apr 20 14:00:02 Loaded file C:\ORCAD\ORCAD_10.5\TOOLS\LAYOUT\LIBRARY\SIMM050F.LLB
Wed Apr 20 14:00:02 Loaded file C:\ORCAD\ORCAD_10.5\TOOLS\LAYOUT\LIBRARY\SIMM050T.LLB
Wed Apr 20 14:00:02 Loaded file C:\ORCAD\ORCAD_10.5\TOOLS\LAYOUT\LIBRARY\SIMM100F.LLB
Wed Apr 20 14:00:02 Loaded file C:\ORCAD\ORCAD_10.5\TOOLS\LAYOUT\LIBRARY\SIMM100T.LLB
Wed Apr 20 14:00:02 Loaded file C:\ORCAD\ORCAD_10.5\TOOLS\LAYOUT\LIBRARY\SIP.LLB
Wed Apr 20 14:00:02 Loaded file C:\ORCAD\ORCAD_10.5\TOOLS\LAYOUT\LIBRARY\SM.LLB
Wed Apr 20 14:00:02 Loaded file C:\ORCAD\ORCAD_10.5\TOOLS\LAYOUT\LIBRARY\SOG.LLB
Wed Apr 20 14:00:02 Loaded file C:\ORCAD\ORCAD_10.5\TOOLS\LAYOUT\LIBRARY\SOJ.LLB
Wed Apr 20 14:00:02 Loaded file C:\ORCAD\ORCAD_10.5\TOOLS\LAYOUT\LIBRARY\STIFF.LLB
Wed Apr 20 14:00:02 Loaded file C:\ORCAD\ORCAD_10.5\TOOLS\LAYOUT\LIBRARY\TELE.LLB
Wed Apr 20 14:00:02 Loaded file C:\ORCAD\ORCAD_10.5\TOOLS\LAYOUT\LIBRARY\TM_AXIAL.LLB
Wed Apr 20 14:00:02 Loaded file C:\ORCAD\ORCAD_10.5\TOOLS\LAYOUT\LIBRARY\TM_CAP_P.LLB
Wed Apr 20 14:00:02 Loaded file C:\ORCAD\ORCAD_10.5\TOOLS\LAYOUT\LIBRARY\TM_CYLND.LLB
Wed Apr 20 14:00:02 Loaded file C:\ORCAD\ORCAD_10.5\TOOLS\LAYOUT\LIBRARY\TM_DIODE.LLB
Wed Apr 20 14:00:02 Loaded file C:\ORCAD\ORCAD_10.5\TOOLS\LAYOUT\LIBRARY\TM_DISC.LLB
Wed Apr 20 14:00:02 Loaded file C:\ORCAD\ORCAD_10.5\TOOLS\LAYOUT\LIBRARY\TM_RAD.LLB
Wed Apr 20 14:00:02 Loaded file C:\ORCAD\ORCAD_10.5\TOOLS\LAYOUT\LIBRARY\TO.LLB
Wed Apr 20 14:00:02 Loaded file C:\ORCAD\ORCAD_10.5\TOOLS\LAYOUT\LIBRARY\TRAINING.LLB
Wed Apr 20 14:00:02 Loaded file C:\ORCAD\ORCAD_10.5\TOOLS\LAYOUT\LIBRARY\VRES.LLB
Wed Apr 20 14:00:02 Loaded file C:\ORCAD\ORCAD_10.5\TOOLS\LAYOUT\LIBRARY\WCON100T.LLB
Wed Apr 20 14:00:02 Loaded file C:\ORCAD\ORCAD_10.5\TOOLS\LAYOUT\LIBRARY\XT.LLB
Wed Apr 20 14:00:02 Loaded file C:\ORCAD\ORCAD_10.5\TOOLS\LAYOUT\LIBRARY\ZIGZAG.LLB
Wed Apr 20 14:00:11 Loaded file U:\MES DOCUMENTS\ELECTRONIQUE\MINI PROJET 2015\DISTRIBUTEUR_EAU\NETLIST_ET_ROUTAGE\ROUTAGE REEL\DISTRIBUTEUR-13.MAX
Wed Apr 20 14:00:11 Saved as file U:\MES DOCUMENTS\ELECTRONIQUE\MINI PROJET 2015\DISTRIBUTEUR_EAU\NETLIST_ET_ROUTAGE\ROUTAGE REEL\DISTRIBUTEUR-13.MAX
Wed Apr 20 14:00:11 Loaded file U:\MES DOCUMENTS\ELECTRONIQUE\MINI PROJET 2015\DISTRIBUTEUR_EAU\NETLIST_ET_ROUTAGE\ROUTAGE REEL\DISTRIBUTEUR-13.MAX
