
ROM used: 107 (1%)
          107 (1%) including unused fragments

          0 Average locations per line
          5 Average locations per statement

RAM used: 7 (2%) at main() level
          7 (2%) worst case

Stack used: 1 worst case (out of 8 total available)

Lines Stmts  %   Files
----- ----- ---  -----
   36    23 100  chenille_avec_bp.c
   14     0   0  chenille.h
  294     0   0  C:\Program Files\PICC\devices\16F876A.h
----- -----
  344    23 Total

Page ROM  %  RAM   Vol Diff  Functions:
---- --- --- ---   --- ----  ----------
0     21  20   1             @delay_ms1
0     82  77   1   497  5.2  main
 Inline        0             @cinit1

Program metrics:
    Functions               1
    Statements              23
    Comments                73
    Volume (V)              502
    Difficulty (D)          5.0
    Effort to implement (E) 2490
    Time to implement (T)   2 minutes
    Est Delivered Bugs (B)  0
    Cyclomatic Complexity   2
    Maintainability (MI)    118

 Segment     Used  Free
-----------  ----  ----
00000-00003     4  0  
00004-007FF   103  1941  
00800-00FFF     0  2048  
01000-017FF     0  2048  
01800-01FFF     0  2048  



