AutoECO Report
FILE-A: C:\ORCAD\ORCAD_10.5\TOOLS\LAYOUT\DATA\_DEFAULT.TCH
FILE-B: U:\MES DOCUMENTS\MINI PROJET 2015\DISTRIBUTEUR_EAU\DISTRIBUTEUR\DISTRIBUTEUR_EAU_NETLIST.MNL
If "*EOF*" immediately follows, no changes were made
Adding footprint POINT_TEST
Adding footprint RES_4P
Adding footprint CAV2
Adding footprint CAP_NP_200
Adding footprint CAP_P_200
Adding footprint DIP300_8
Adding footprint TO92_321_DP
Adding footprint TO220_321
Adding footprint LED5_1P
Adding footprint DIODE_4000
Adding footprint CAV4
Adding footprint RJ11_6X6_SM
Adding footprint DIP300_18
Adding footprint DTS62_BP
Adding package CON1
Adding package R
Adding package CON2
Adding package C
Adding package AD623/AD_4
Adding package LM7805/TO_7
Adding package IRF520_1
Adding package LED
Adding package JUMPER_DP_O
Adding package DIODE
Adding package TEST_POINT_0
Adding package CON4
Adding package BS170/TO_1
Adding package CON6
Adding package PIC16F84_P_0
Adding package SW_PUSHBUTTON-SPST/SM_0
Adding component TP1
Adding component R3
Adding component J12
Adding component R10
Adding component TP2
Adding component C4
Adding component R11
Adding component C10
Adding component R14
Adding component C12
Adding component R9
Adding component C8
Adding component J5
Adding component U1
Adding component U6
Adding component C5
Adding component M1
Adding component R5
Adding component D2
Adding component C7
Adding component TP5
Adding component JP1
Adding component R2
Adding component C6
Adding component D8
Adding component TP4
Adding component R1
Adding component C9
Adding component D6
Adding component J13
Adding component J1
Adding component 5RT
Adding component J2
Adding component TX
Adding component M3
Adding component J18
Adding component D4
Adding component D5
Adding component RX
Adding component TP3
Adding component 0RT
Adding component R15
Adding component R6
Adding component U2
Adding component C11
Adding component R7
Adding component C13
Adding component SDA
Adding component C2
Adding component SW3
Adding component SCL
Adding component C14
Adding component 0I2C
Adding component D7
Adding net N06922
Adding net N11818
Adding net N15377
Adding net N18382
Adding net 5V
Adding net 12V
Adding net N35793
Adding net N35994
Adding net N37028
Adding net PGC
Adding net AN0
Adding net PGD
Adding net AN2
Adding net MLCR
Adding net TX
Adding net RB0
Adding net SDA
Adding net SCL
Adding net RX
Adding net RA7
Adding net RB3
Adding net N08633
Adding net N01607
Adding net N01696
Adding net N02067
Adding net N02103
Adding net N02473
Adding net N02973
Adding net N03239
Deleting net DEFAULT
*EOF*
No errors found
