
ROM used: 62 (1%)
          62 (1%) including unused fragments

          0 Average locations per line
          4 Average locations per statement

RAM used: 6 (2%) at main() level
          6 (2%) worst case

Stack used: 0 worst case (out of 8 total available)

Lines Stmts  %   Files
----- ----- ---  -----
   27    14 100  main.c
   14     0   0  main.h
  294     0   0  C:\Program Files\PICC\devices\16F876A.h
----- -----
  335    14 Total

Page ROM  %  RAM   Vol Diff  Functions:
---- --- --- ---   --- ----  ----------
0     58  94   0   253  3.7  main
 Inline        0    61  2.3  @cinit1

Program metrics:
    Functions               2
    Statements              14
    Comments                71
    Volume (V)              368
    Difficulty (D)          6.1
    Effort to implement (E) 2243
    Time to implement (T)   2 minutes
    Est Delivered Bugs (B)  0
    Cyclomatic Complexity   3
    Maintainability (MI)    122

 Segment     Used  Free
-----------  ----  ----
00000-00003     4  0  
00004-007FF    58  1986  
00800-00FFF     0  2048  
01000-017FF     0  2048  
01800-01FFF     0  2048  



