
ROM used: 459 (6%)
          459 (6%) including unused fragments

          1 Average locations per line
          10 Average locations per statement

RAM used: 6 (2%) at main() level
          20 (5%) worst case

Stack used: 4 worst case (out of 8 total available)

Lines Stmts  %   Files
----- ----- ---  -----
   25     5  11  main.c
   12     0   0  main.h
  294     0   0  C:\Program Files\PICC\devices\16F876A.h
  123    39  89  LCD_matrix.c
----- -----
  454    44 Total

Page ROM  %  RAM   Vol Diff  Functions:
---- --- --- ---   --- ----  ----------
0     21   5   1             @delay_ms1
0      8   2   0             @const72
0     19   4   1   156  2.2  lcd_send_nibble
0     25   5   3   225  3.8  lcd_send_byte
0     43   9   2   382  4.7  lcd_init
 Inline        4   186  5.5  lcd_gotoxy
0     53  12   1   272  4.1  lcd_putc
0     39   8   0   106  2.0  MAIN
0      1   0   0   195  2.2  @const93
0     77  17   4             @PSTRINGC7_87
0      7   2   0             @const95
0     86  19   5             @PSTRINGCN7_87
0     21   5   3             @DIV88
0     55  12   2             @PRINTF_U_87
 Inline        0   136  3.4  @cinit1

Program metrics:
    Functions               8
    Statements              44
    Comments                109
    Volume (V)              2670
    Difficulty (D)          26.6
    Effort to implement (E) 71142
    Time to implement (T)   1 hours, 6 minutes
    Est Delivered Bugs (B)  1
    Cyclomatic Complexity   9
    Maintainability (MI)    86

 Segment     Used  Free
-----------  ----  ----
00000-00003     4  0  
00004-007FF   455  1589  
00800-00FFF     0  2048  
01000-017FF     0  2048  
01800-01FFF     0  2048  



