
ROM used: 58 (1%)
          58 (1%) including unused fragments

          0 Average locations per line
          6 Average locations per statement

RAM used: 6 (2%) at main() level
          7 (2%) worst case

Stack used: 1 worst case (out of 8 total available)

Lines Stmts  %   Files
----- ----- ---  -----
   21     9 100  ma_variable.c
   12     0   0  ma_variable.h
  294     0   0  C:\Program Files\PICC\devices\16F876A.h
----- -----
  327     9 Total

Page ROM  %  RAM   Vol Diff  Functions:
---- --- --- ---   --- ----  ----------
0     14  24   1             @delay_ms1
0     40  69   0   179  3.1  main
 Inline        0             @cinit1

Program metrics:
    Functions               1
    Statements              9
    Comments                71
    Volume (V)              183
    Difficulty (D)          2.8
    Effort to implement (E) 518
    Time to implement (T)   0 minutes
    Est Delivered Bugs (B)  0
    Cyclomatic Complexity   1
    Maintainability (MI)    132

 Segment     Used  Free
-----------  ----  ----
00000-00003     4  0  
00004-007FF    54  1990  
00800-00FFF     0  2048  
01000-017FF     0  2048  
01800-01FFF     0  2048  



