CCS PCM C Compiler, Version 4.130, 469               01-oct.-15 09:38

               Filename: U:\Mes Documents\Electronique\tp_pic_c\Séance_1\Test_24_09_2015\Ma_variable\ma_variable.lst

               ROM used: 58 words (1%)
                         Largest free fragment is 2048
               RAM used: 6 (2%) at main() level
                         7 (2%) worst case
               Stack:    1 locations

*
0000:  MOVLW  00
0001:  MOVWF  0A
0002:  GOTO   012
0003:  NOP
.................... #include <ma_variable.h> 
.................... #include <16F876A.h> 
.................... //////// Standard Header file for the PIC16F876A device //////////////// 
.................... #device PIC16F876A 
.................... #list 
....................  
.................... #device adc=16 
....................  
.................... #FUSES NOWDT                 	//No Watch Dog Timer 
.................... #FUSES HS                    	//High speed Osc (> 4mhz for PCM/PCH) (>10mhz for PCD) 
.................... #FUSES NOBROWNOUT            	//No brownout reset 
.................... #FUSES NOLVP                 	//No low voltage prgming, B3(PIC16) or B5(PIC18) used for I/O 
....................  
.................... #use delay(clock=2768000) 
0004:  MOVLW  21
0005:  MOVWF  04
0006:  BCF    03.7
0007:  MOVF   00,W
0008:  BTFSC  03.2
0009:  GOTO   011
000A:  MOVLW  E5
000B:  MOVWF  77
000C:  DECFSZ 77,F
000D:  GOTO   00C
000E:  NOP
000F:  DECFSZ 00,F
0010:  GOTO   00A
0011:  RETURN
....................  
....................  
....................  
.................... int comptage ; 
....................  
.................... void main() 
....................  
....................  
.................... { 
0012:  CLRF   04
0013:  BCF    03.7
0014:  MOVLW  1F
0015:  ANDWF  03,F
0016:  BSF    03.5
0017:  BSF    1F.0
0018:  BSF    1F.1
0019:  BSF    1F.2
001A:  BCF    1F.3
001B:  MOVLW  07
001C:  MOVWF  1C
.................... comptage = 1000; 
001D:  MOVLW  E8
001E:  BCF    03.5
001F:  MOVWF  20
....................    port_B_pullups(0xFF); 
0020:  BSF    03.5
0021:  BCF    01.7
....................  
....................    while(comptage >= 50) 
....................    { 
0022:  BCF    03.5
0023:  MOVF   20,W
0024:  SUBLW  31
0025:  BTFSC  03.0
0026:  GOTO   039
....................        Output_b(0xFF); 
0027:  BSF    03.5
0028:  CLRF   06
0029:  MOVLW  FF
002A:  BCF    03.5
002B:  MOVWF  06
....................        delay_ms (comptage); 
002C:  MOVF   20,W
002D:  MOVWF  21
002E:  CALL   004
....................        Output_b(0x00); 
002F:  BSF    03.5
0030:  CLRF   06
0031:  BCF    03.5
0032:  CLRF   06
....................         delay_ms (comptage); 
0033:  MOVF   20,W
0034:  MOVWF  21
0035:  CALL   004
....................        comptage=comptage-25; 
0036:  MOVLW  19
0037:  SUBWF  20,F
....................    } 
0038:  GOTO   023
....................     
.................... } 
0039:  SLEEP

Configuration Fuses:
   Word  1: 3F32   HS NOWDT PUT NOBROWNOUT NOLVP NOCPD NOWRT NODEBUG NOPROTECT
