
ROM used: 118 (1%)
          118 (1%) including unused fragments

          0 Average locations per line
          4 Average locations per statement

RAM used: 7 (2%) at main() level
          7 (2%) worst case

Stack used: 1 worst case (out of 8 total available)

Lines Stmts  %   Files
----- ----- ---  -----
   46    28 100  chenille_avec_2_bp.c
   14     0   0  chenille.h
  294     0   0  C:\Program Files\PICC\devices\16F876A.h
----- -----
  354    28 Total

Page ROM  %  RAM   Vol Diff  Functions:
---- --- --- ---   --- ----  ----------
0     21  18   1             @delay_ms1
0     93  79   1   604  5.3  main
 Inline        0             @cinit1

Program metrics:
    Functions               1
    Statements              28
    Comments                72
    Volume (V)              609
    Difficulty (D)          5.0
    Effort to implement (E) 3066
    Time to implement (T)   3 minutes
    Est Delivered Bugs (B)  0
    Cyclomatic Complexity   3
    Maintainability (MI)    110

 Segment     Used  Free
-----------  ----  ----
00000-00003     4  0  
00004-007FF   114  1930  
00800-00FFF     0  2048  
01000-017FF     0  2048  
01800-01FFF     0  2048  



