
ROM used: 123 (2%)
          123 (2%) including unused fragments

          0 Average locations per line
          4 Average locations per statement

RAM used: 8 (2%) at main() level
          8 (2%) worst case

Stack used: 2 worst case (out of 8 total available)

Lines Stmts  %   Files
----- ----- ---  -----
   55    31 100  chenille_avec_2_bp_with_void.c
   14     0   0  chenille.h
  294     0   0  C:\Program Files\PICC\devices\16F876A.h
----- -----
  363    31 Total

Page ROM  %  RAM   Vol Diff  Functions:
---- --- --- ---   --- ----  ----------
0     21  17   1             @delay_ms1
0     24  20   0   156  3.1  sens_droit
0     24  20   0   156  3.1  sens_gauche
0     50  41   1   240  3.6  MAIN
 Inline        0             @cinit1

Program metrics:
    Functions               3
    Statements              31
    Comments                72
    Volume (V)              742
    Difficulty (D)          9.4
    Effort to implement (E) 6993
    Time to implement (T)   6 minutes
    Est Delivered Bugs (B)  0
    Cyclomatic Complexity   3
    Maintainability (MI)    153

 Segment     Used  Free
-----------  ----  ----
00000-00003     4  0  
00004-007FF   119  1925  
00800-00FFF     0  2048  
01000-017FF     0  2048  
01800-01FFF     0  2048  



